#
# There is insufficient memory for the Java Runtime Environment to continue.
# Native memory allocation (malloc) failed to allocate 1919808 bytes for Chunk::new
# Possible reasons:
#   The system is out of physical RAM or swap space
#   In 32 bit mode, the process size limit was hit
# Possible solutions:
#   Reduce memory load on the system
#   Increase physical memory or swap space
#   Check if swap backing store is full
#   Use 64 bit Java on a 64 bit OS
#   Decrease Java heap size (-Xmx/-Xms)
#   Decrease number of Java threads
#   Decrease Java thread stack sizes (-Xss)
#   Set larger code cache with -XX:ReservedCodeCacheSize=
# This output file may be truncated or incomplete.
#
#  Out of Memory Error (allocation.cpp:390), pid=4632, tid=0x00000000000014b8
#
# JRE version: Java(TM) SE Runtime Environment (8.0_144-b01) (build 1.8.0_144-b01)
# Java VM: Java HotSpot(TM) 64-Bit Server VM (25.144-b01 mixed mode windows-amd64 compressed oops)
# Failed to write core dump. Minidumps are not enabled by default on client versions of Windows
#

---------------  T H R E A D  ---------------

Current thread (0x00000000161de000):  JavaThread "C2 CompilerThread1" daemon [_thread_in_native, id=5304, stack(0x0000000017be0000,0x0000000017ce0000)]

Stack: [0x0000000017be0000,0x0000000017ce0000]
[error occurred during error reporting (printing stack bounds), id 0xc0000005]

Native frames: (J=compiled Java code, j=interpreted, Vv=VM code, C=native code)


Current CompileTask:
C2:  10445 1482   !   4       java.net.URLClassLoader$1::run (63 bytes)


---------------  P R O C E S S  ---------------

Java Threads: ( => current thread )
  0x000000001853f000 JavaThread "Cache worker for file hash cache (E:\AndroidStudioProjects\HelloWorld3\.gradle\4.6\fileHashes)" [_thread_blocked, id=11428, stack(0x000000001b930000,0x000000001ba30000)]
  0x0000000018540800 JavaThread "File lock request listener" [_thread_in_native, id=14784, stack(0x000000001b830000,0x000000001b930000)]
  0x0000000018544800 JavaThread "Cache worker for file hash cache (C:\Users\40230\.gradle\caches\4.6\fileHashes)" [_thread_blocked, id=3388, stack(0x000000001b730000,0x000000001b830000)]
  0x0000000018545000 JavaThread "Stdin handler" [_thread_blocked, id=13512, stack(0x000000001a460000,0x000000001a560000)]
  0x0000000018543800 JavaThread "Asynchronous log dispatcher for DefaultDaemonConnection: socket connection from /127.0.0.1:61664 to /127.0.0.1:61665" [_thread_blocked, id=3136, stack(0x000000001a360000,0x000000001a460000)]
  0x00000000182f7000 JavaThread "Daemon worker" [_thread_in_native, id=10164, stack(0x000000001a260000,0x000000001a360000)]
  0x0000000018548000 JavaThread "Cancel handler" [_thread_blocked, id=12792, stack(0x000000001a160000,0x000000001a260000)]
  0x0000000018574000 JavaThread "Handler for socket connection from /127.0.0.1:61664 to /127.0.0.1:61665" [_thread_in_native, id=6636, stack(0x0000000019e60000,0x0000000019f60000)]
  0x0000000018573000 JavaThread "Daemon" [_thread_blocked, id=15176, stack(0x0000000019d60000,0x0000000019e60000)]
  0x000000001762d800 JavaThread "Daemon periodic checks" [_thread_blocked, id=16140, stack(0x0000000019c60000,0x0000000019d60000)]
  0x000000001762d000 JavaThread "Incoming local TCP Connector on port 61664" [_thread_in_native, id=1428, stack(0x0000000019ab0000,0x0000000019bb0000)]
  0x0000000018ca5000 JavaThread "Daemon health stats" [_thread_blocked, id=12276, stack(0x00000000197b0000,0x00000000198b0000)]
  0x000000001757b000 JavaThread "Service Thread" daemon [_thread_blocked, id=16508, stack(0x0000000017de0000,0x0000000017ee0000)]
  0x00000000174f6800 JavaThread "C1 CompilerThread2" daemon [_thread_blocked, id=17084, stack(0x0000000017ce0000,0x0000000017de0000)]
=>0x00000000161de000 JavaThread "C2 CompilerThread1" daemon [_thread_in_native, id=5304, stack(0x0000000017be0000,0x0000000017ce0000)]
  0x00000000161da800 JavaThread "C2 CompilerThread0" daemon [_thread_in_native, id=13288, stack(0x0000000017ae0000,0x0000000017be0000)]
  0x000000001618e000 JavaThread "Attach Listener" daemon [_thread_blocked, id=10344, stack(0x00000000179e0000,0x0000000017ae0000)]
  0x00000000174e8800 JavaThread "Signal Dispatcher" daemon [_thread_blocked, id=14148, stack(0x00000000178e0000,0x00000000179e0000)]
  0x000000001616a800 JavaThread "Finalizer" daemon [_thread_blocked, id=8960, stack(0x00000000173e0000,0x00000000174e0000)]
  0x00000000023ff000 JavaThread "Reference Handler" daemon [_thread_blocked, id=1440, stack(0x00000000172e0000,0x00000000173e0000)]
  0x0000000002310800 JavaThread "main" [_thread_blocked, id=11060, stack(0x0000000000a30000,0x0000000000b30000)]

Other Threads:
  0x0000000016147000 VMThread [stack: 0x00000000171e0000,0x00000000172e0000] [id=16288]
  0x00000000175c8800 WatcherThread [stack: 0x0000000017ee0000,0x0000000017fe0000] [id=6876]

VM state:not at safepoint (normal execution)

VM Mutex/Monitor currently owned by a thread: None

Heap:
 PSYoungGen      total 38400K, used 35061K [0x00000000e0000000, 0x00000000e2a80000, 0x0000000100000000)
  eden space 33280K, 90% used [0x00000000e0000000,0x00000000e1d427a8,0x00000000e2080000)
  from space 5120K, 99% used [0x00000000e2080000,0x00000000e257ae68,0x00000000e2580000)
  to   space 5120K, 0% used [0x00000000e2580000,0x00000000e2580000,0x00000000e2a80000)
 ParOldGen       total 87552K, used 2629K [0x00000000a0000000, 0x00000000a5580000, 0x00000000e0000000)
  object space 87552K, 3% used [0x00000000a0000000,0x00000000a0291638,0x00000000a5580000)
 Metaspace       used 17030K, capacity 17440K, committed 17536K, reserved 1064960K
  class space    used 2509K, capacity 2644K, committed 2688K, reserved 1048576K

Card table byte_map: [0x0000000011bd0000,0x0000000011ee0000] byte_map_base: 0x00000000116d0000

Marking Bits: (ParMarkBitMap*) 0x000000006190d850
 Begin Bits: [0x00000000124e0000, 0x0000000013ce0000)
 End Bits:   [0x0000000013ce0000, 0x00000000154e0000)

Polling page: 0x00000000001f0000

CodeCache: size=245760Kb used=5354Kb max_used=5354Kb free=240405Kb
 bounds [0x0000000002810000, 0x0000000002d50000, 0x0000000011810000]
 total_blobs=1925 nmethods=1543 adapters=294
 compilation: enabled

Compilation events (10 events):
Event: 10.405 Thread 0x00000000174f6800 1537       3       sun.misc.ProxyGenerator::access$1000 (7 bytes)
Event: 10.406 Thread 0x00000000174f6800 nmethod 1537 0x0000000002d44dd0 code [0x0000000002d44f40, 0x0000000002d450a8]
Event: 10.406 Thread 0x00000000174f6800 1538       3       sun.misc.ProxyGenerator::code_ipush (90 bytes)
Event: 10.406 Thread 0x00000000174f6800 nmethod 1538 0x0000000002d45190 code [0x0000000002d453e0, 0x0000000002d46468]
Event: 10.407 Thread 0x00000000174f6800 1539       3       sun.misc.ProxyGenerator$ConstantPool::getString (21 bytes)
Event: 10.408 Thread 0x00000000174f6800 nmethod 1539 0x0000000002d46a50 code [0x0000000002d46c00, 0x0000000002d47108]
Event: 10.408 Thread 0x00000000174f6800 1540       3       sun.misc.ProxyGenerator::code_ldc (64 bytes)
Event: 10.408 Thread 0x00000000174f6800 nmethod 1540 0x0000000002d473d0 code [0x0000000002d475e0, 0x0000000002d481e8]
Event: 10.415 Thread 0x00000000174f6800 1541       3       sun.reflect.NativeMethodAccessorImpl::invoke (104 bytes)
Event: 10.417 Thread 0x00000000174f6800 nmethod 1541 0x0000000002d48a50 code [0x0000000002d48cc0, 0x0000000002d4a158]

GC Heap History (6 events):
Event: 1.518 GC heap before
{Heap before GC invocations=1 (full 0):
 PSYoungGen      total 38400K, used 33280K [0x00000000e0000000, 0x00000000e2a80000, 0x0000000100000000)
  eden space 33280K, 100% used [0x00000000e0000000,0x00000000e2080000,0x00000000e2080000)
  from space 5120K, 0% used [0x00000000e2580000,0x00000000e2580000,0x00000000e2a80000)
  to   space 5120K, 0% used [0x00000000e2080000,0x00000000e2080000,0x00000000e2580000)
 ParOldGen       total 87552K, used 0K [0x00000000a0000000, 0x00000000a5580000, 0x00000000e0000000)
  object space 87552K, 0% used [0x00000000a0000000,0x00000000a0000000,0x00000000a5580000)
 Metaspace       used 6978K, capacity 7128K, committed 7424K, reserved 1056768K
  class space    used 865K, capacity 909K, committed 1024K, reserved 1048576K
Event: 1.524 GC heap after
Heap after GC invocations=1 (full 0):
 PSYoungGen      total 38400K, used 4544K [0x00000000e0000000, 0x00000000e2a80000, 0x0000000100000000)
  eden space 33280K, 0% used [0x00000000e0000000,0x00000000e0000000,0x00000000e2080000)
  from space 5120K, 88% used [0x00000000e2080000,0x00000000e24f01f8,0x00000000e2580000)
  to   space 5120K, 0% used [0x00000000e2580000,0x00000000e2580000,0x00000000e2a80000)
 ParOldGen       total 87552K, used 8K [0x00000000a0000000, 0x00000000a5580000, 0x00000000e0000000)
  object space 87552K, 0% used [0x00000000a0000000,0x00000000a0002000,0x00000000a5580000)
 Metaspace       used 6978K, capacity 7128K, committed 7424K, reserved 1056768K
  class space    used 865K, capacity 909K, committed 1024K, reserved 1048576K
}
Event: 9.206 GC heap before
{Heap before GC invocations=2 (full 0):
 PSYoungGen      total 38400K, used 37824K [0x00000000e0000000, 0x00000000e2a80000, 0x0000000100000000)
  eden space 33280K, 100% used [0x00000000e0000000,0x00000000e2080000,0x00000000e2080000)
  from space 5120K, 88% used [0x00000000e2080000,0x00000000e24f01f8,0x00000000e2580000)
  to   space 5120K, 0% used [0x00000000e2580000,0x00000000e2580000,0x00000000e2a80000)
 ParOldGen       total 87552K, used 8K [0x00000000a0000000, 0x00000000a5580000, 0x00000000e0000000)
  object space 87552K, 0% used [0x00000000a0000000,0x00000000a0002000,0x00000000a5580000)
 Metaspace       used 10751K, capacity 11060K, committed 11392K, reserved 1058816K
  class space    used 1432K, capacity 1554K, committed 1664K, reserved 1048576K
Event: 9.211 GC heap after
Heap after GC invocations=2 (full 0):
 PSYoungGen      total 38400K, used 5110K [0x00000000e0000000, 0x00000000e2a80000, 0x0000000100000000)
  eden space 33280K, 0% used [0x00000000e0000000,0x00000000e0000000,0x00000000e2080000)
  from space 5120K, 99% used [0x00000000e2580000,0x00000000e2a7d840,0x00000000e2a80000)
  to   space 5120K, 0% used [0x00000000e2080000,0x00000000e2080000,0x00000000e2580000)
 ParOldGen       total 87552K, used 382K [0x00000000a0000000, 0x00000000a5580000, 0x00000000e0000000)
  object space 87552K, 0% used [0x00000000a0000000,0x00000000a005f878,0x00000000a5580000)
 Metaspace       used 10751K, capacity 11060K, committed 11392K, reserved 1058816K
  class space    used 1432K, capacity 1554K, committed 1664K, reserved 1048576K
}
Event: 9.846 GC heap before
{Heap before GC invocations=3 (full 0):
 PSYoungGen      total 38400K, used 38390K [0x00000000e0000000, 0x00000000e2a80000, 0x0000000100000000)
  eden space 33280K, 100% used [0x00000000e0000000,0x00000000e2080000,0x00000000e2080000)
  from space 5120K, 99% used [0x00000000e2580000,0x00000000e2a7d840,0x00000000e2a80000)
  to   space 5120K, 0% used [0x00000000e2080000,0x00000000e2080000,0x00000000e2580000)
 ParOldGen       total 87552K, used 382K [0x00000000a0000000, 0x00000000a5580000, 0x00000000e0000000)
  object space 87552K, 0% used [0x00000000a0000000,0x00000000a005f878,0x00000000a5580000)
 Metaspace       used 14199K, capacity 14568K, committed 14720K, reserved 1062912K
  class space    used 2025K, capacity 2160K, committed 2176K, reserved 1048576K
Event: 9.852 GC heap after
Heap after GC invocations=3 (full 0):
 PSYoungGen      total 38400K, used 5099K [0x00000000e0000000, 0x00000000e2a80000, 0x0000000100000000)
  eden space 33280K, 0% used [0x00000000e0000000,0x00000000e0000000,0x00000000e2080000)
  from space 5120K, 99% used [0x00000000e2080000,0x00000000e257ae68,0x00000000e2580000)
  to   space 5120K, 0% used [0x00000000e2580000,0x00000000e2580000,0x00000000e2a80000)
 ParOldGen       total 87552K, used 2629K [0x00000000a0000000, 0x00000000a5580000, 0x00000000e0000000)
  object space 87552K, 3% used [0x00000000a0000000,0x00000000a0291638,0x00000000a5580000)
 Metaspace       used 14199K, capacity 14568K, committed 14720K, reserved 1062912K
  class space    used 2025K, capacity 2160K, committed 2176K, reserved 1048576K
}

Deoptimization events (10 events):
Event: 2.237 Thread 0x0000000002310800 Uncommon trap: reason=bimorphic action=maybe_recompile pc=0x0000000002b6734c method=java.util.HashMap.putVal(ILjava/lang/Object;Ljava/lang/Object;ZZ)Ljava/lang/Object; @ 203
Event: 4.215 Thread 0x0000000002310800 Uncommon trap: reason=unstable_if action=reinterpret pc=0x0000000002abe99c method=java.io.WinNTFileSystem.normalize(Ljava/lang/String;)Ljava/lang/String; @ 128
Event: 4.215 Thread 0x0000000002310800 Uncommon trap: reason=unstable_if action=reinterpret pc=0x0000000002b35cf4 method=java.io.WinNTFileSystem.normalize(Ljava/lang/String;II)Ljava/lang/String; @ 90
Event: 9.487 Thread 0x0000000018574000 Uncommon trap: reason=unstable_if action=reinterpret pc=0x0000000002be306c method=java.util.concurrent.ConcurrentHashMap.putVal(Ljava/lang/Object;Ljava/lang/Object;Z)Ljava/lang/Object; @ 206
Event: 9.603 Thread 0x00000000182f7000 Uncommon trap: reason=bimorphic action=maybe_recompile pc=0x0000000002b66cac method=java.util.HashMap.putVal(ILjava/lang/Object;Ljava/lang/Object;ZZ)Ljava/lang/Object; @ 253
Event: 9.603 Thread 0x00000000182f7000 Uncommon trap: reason=bimorphic action=maybe_recompile pc=0x0000000002b66cac method=java.util.HashMap.putVal(ILjava/lang/Object;Ljava/lang/Object;ZZ)Ljava/lang/Object; @ 253
Event: 9.794 Thread 0x00000000182f7000 Uncommon trap: reason=class_check action=maybe_recompile pc=0x0000000002ac5984 method=java.util.regex.Matcher.match(II)Z @ 86
Event: 9.794 Thread 0x00000000182f7000 Uncommon trap: reason=class_check action=maybe_recompile pc=0x0000000002ac5984 method=java.util.regex.Matcher.match(II)Z @ 86
Event: 9.839 Thread 0x00000000182f7000 Uncommon trap: reason=class_check action=maybe_recompile pc=0x0000000002a8b2dc method=java.util.regex.Matcher.match(II)Z @ 86
Event: 10.409 Thread 0x00000000182f7000 Uncommon trap: reason=unstable_if action=reinterpret pc=0x0000000002aac7dc method=java.io.File.getName()Ljava/lang/String; @ 16

Internal exceptions (10 events):
Event: 9.527 Thread 0x0000000018574000 Exception <a 'java/lang/NoSuchMethodError': <clinit>> (0x00000000e04af530) thrown at [C:\re\workspace\8-2-build-windows-amd64-cygwin\jdk8u144\9417\hotspot\src\share\vm\prims\jni.cpp, line 1613]
Event: 9.529 Thread 0x0000000018574000 Exception <a 'java/lang/NoSuchMethodError': <clinit>> (0x00000000e04c0df0) thrown at [C:\re\workspace\8-2-build-windows-amd64-cygwin\jdk8u144\9417\hotspot\src\share\vm\prims\jni.cpp, line 1613]
Event: 9.545 Thread 0x0000000018574000 Exception <a 'java/lang/NoSuchMethodError': <clinit>> (0x00000000e0536130) thrown at [C:\re\workspace\8-2-build-windows-amd64-cygwin\jdk8u144\9417\hotspot\src\share\vm\prims\jni.cpp, line 1613]
Event: 9.549 Thread 0x0000000018574000 Exception <a 'java/lang/NoSuchMethodError': <clinit>> (0x00000000e055b378) thrown at [C:\re\workspace\8-2-build-windows-amd64-cygwin\jdk8u144\9417\hotspot\src\share\vm\prims\jni.cpp, line 1613]
Event: 9.552 Thread 0x0000000018574000 Exception <a 'java/lang/NoSuchMethodError': <clinit>> (0x00000000e0587710) thrown at [C:\re\workspace\8-2-build-windows-amd64-cygwin\jdk8u144\9417\hotspot\src\share\vm\prims\jni.cpp, line 1613]
Event: 9.552 Thread 0x0000000018574000 Exception <a 'java/lang/NoSuchMethodError': <clinit>> (0x00000000e0592ab0) thrown at [C:\re\workspace\8-2-build-windows-amd64-cygwin\jdk8u144\9417\hotspot\src\share\vm\prims\jni.cpp, line 1613]
Event: 9.553 Thread 0x0000000018574000 Exception <a 'java/lang/NoSuchMethodError': <clinit>> (0x00000000e059e4c8) thrown at [C:\re\workspace\8-2-build-windows-amd64-cygwin\jdk8u144\9417\hotspot\src\share\vm\prims\jni.cpp, line 1613]
Event: 9.555 Thread 0x0000000018574000 Exception <a 'java/lang/NoSuchMethodError': <clinit>> (0x00000000e05c0f58) thrown at [C:\re\workspace\8-2-build-windows-amd64-cygwin\jdk8u144\9417\hotspot\src\share\vm\prims\jni.cpp, line 1613]
Event: 9.571 Thread 0x00000000182f7000 Exception <a 'java/lang/NoSuchMethodError': <clinit>> (0x00000000e0685df0) thrown at [C:\re\workspace\8-2-build-windows-amd64-cygwin\jdk8u144\9417\hotspot\src\share\vm\prims\jni.cpp, line 1613]
Event: 9.572 Thread 0x00000000182f7000 Exception <a 'java/lang/NoSuchMethodError': <clinit>> (0x00000000e068e078) thrown at [C:\re\workspace\8-2-build-windows-amd64-cygwin\jdk8u144\9417\hotspot\src\share\vm\prims\jni.cpp, line 1613]

Events (10 events):
Event: 10.420 loading class org/gradle/tooling/internal/protocol/events/InternalTestFailureResult
Event: 10.420 loading class org/gradle/tooling/internal/protocol/events/InternalTestFailureResult done
Event: 10.420 loading class org/gradle/tooling/internal/protocol/events/InternalFailureResult
Event: 10.420 loading class org/gradle/tooling/internal/protocol/events/InternalFailureResult done
Event: 10.420 loading class org/gradle/tooling/internal/provider/runner/TestIgnoringBuildOperationListener
Event: 10.420 loading class org/gradle/tooling/internal/provider/runner/TestIgnoringBuildOperationListener done
Event: 10.421 loading class org/gradle/tooling/internal/provider/runner/ClientForwardingBuildOperationListener
Event: 10.421 loading class org/gradle/tooling/internal/provider/runner/ClientForwardingBuildOperationListener done
Event: 10.421 loading class org/gradle/tooling/internal/provider/events/AbstractOperationResult
Event: 10.421 loading class org/gradle/tooling/internal/provider/events/AbstractOperationResult done


Dynamic libraries:
0x00007ff6a86f0000 - 0x00007ff6a8727000 	E:\Java\jdk1.8.0_144\bin\java.exe
0x00007ffb73bf0000 - 0x00007ffb73ddd000 	C:\WINDOWS\SYSTEM32\ntdll.dll
0x00007ffb73b00000 - 0x00007ffb73bb3000 	C:\WINDOWS\System32\KERNEL32.DLL
0x00007ffb6fd20000 - 0x00007ffb6ffb3000 	C:\WINDOWS\System32\KERNELBASE.dll
0x00007ffb723a0000 - 0x00007ffb72443000 	C:\WINDOWS\System32\ADVAPI32.dll
0x00007ffb71ed0000 - 0x00007ffb71f6e000 	C:\WINDOWS\System32\msvcrt.dll
0x00007ffb72050000 - 0x00007ffb720ee000 	C:\WINDOWS\System32\sechost.dll
0x00007ffb72100000 - 0x00007ffb72222000 	C:\WINDOWS\System32\RPCRT4.dll
0x00007ffb716d0000 - 0x00007ffb71867000 	C:\WINDOWS\System32\USER32.dll
0x00007ffb70e00000 - 0x00007ffb70e20000 	C:\WINDOWS\System32\win32u.dll
0x00007ffb72450000 - 0x00007ffb72479000 	C:\WINDOWS\System32\GDI32.dll
0x00007ffb700c0000 - 0x00007ffb7025a000 	C:\WINDOWS\System32\gdi32full.dll
0x00007ffb703c0000 - 0x00007ffb70460000 	C:\WINDOWS\System32\msvcp_win.dll
0x00007ffb6ffc0000 - 0x00007ffb700ba000 	C:\WINDOWS\System32\ucrtbase.dll
0x00007ffb60a50000 - 0x00007ffb60cc9000 	C:\WINDOWS\WinSxS\amd64_microsoft.windows.common-controls_6595b64144ccf1df_6.0.17763.437_none_05b63dca071e5dd6\COMCTL32.dll
0x00007ffb70ee0000 - 0x00007ffb7120c000 	C:\WINDOWS\System32\combase.dll
0x00007ffb70310000 - 0x00007ffb7038e000 	C:\WINDOWS\System32\bcryptPrimitives.dll
0x00007ffb713c0000 - 0x00007ffb713ee000 	C:\WINDOWS\System32\IMM32.DLL
0x0000000062ab0000 - 0x0000000062b82000 	E:\Java\jdk1.8.0_144\jre\bin\msvcr100.dll
0x00000000610f0000 - 0x000000006198d000 	E:\Java\jdk1.8.0_144\jre\bin\server\jvm.dll
0x00007ffb71f70000 - 0x00007ffb71f78000 	C:\WINDOWS\System32\PSAPI.DLL
0x00007ffb511d0000 - 0x00007ffb511d9000 	C:\WINDOWS\SYSTEM32\WSOCK32.dll
0x00007ffb71870000 - 0x00007ffb718dd000 	C:\WINDOWS\System32\WS2_32.dll
0x00007ffb6dc90000 - 0x00007ffb6dcb4000 	C:\WINDOWS\SYSTEM32\WINMM.dll
0x00007ffb61df0000 - 0x00007ffb61dfa000 	C:\WINDOWS\SYSTEM32\VERSION.dll
0x00007ffb6db70000 - 0x00007ffb6db9d000 	C:\WINDOWS\SYSTEM32\WINMMBASE.dll
0x00007ffb70db0000 - 0x00007ffb70dfa000 	C:\WINDOWS\System32\cfgmgr32.dll
0x0000000062aa0000 - 0x0000000062aaf000 	E:\Java\jdk1.8.0_144\jre\bin\verify.dll
0x0000000062a70000 - 0x0000000062a99000 	E:\Java\jdk1.8.0_144\jre\bin\java.dll
0x0000000062a50000 - 0x0000000062a66000 	E:\Java\jdk1.8.0_144\jre\bin\zip.dll
0x00007ffb72610000 - 0x00007ffb73b00000 	C:\WINDOWS\System32\SHELL32.dll
0x00007ffb714c0000 - 0x00007ffb71568000 	C:\WINDOWS\System32\shcore.dll
0x00007ffb70660000 - 0x00007ffb70daa000 	C:\WINDOWS\System32\windows.storage.dll
0x00007ffb6fc30000 - 0x00007ffb6fc54000 	C:\WINDOWS\System32\profapi.dll
0x00007ffb6fc60000 - 0x00007ffb6fcbd000 	C:\WINDOWS\System32\powrprof.dll
0x00007ffb71670000 - 0x00007ffb716c2000 	C:\WINDOWS\System32\shlwapi.dll
0x00007ffb6fc10000 - 0x00007ffb6fc21000 	C:\WINDOWS\System32\kernel.appcore.dll
0x00007ffb70460000 - 0x00007ffb70477000 	C:\WINDOWS\System32\cryptsp.dll
0x0000000062a30000 - 0x0000000062a4a000 	E:\Java\jdk1.8.0_144\jre\bin\net.dll
0x00007ffb5a920000 - 0x00007ffb5a94a000 	E:\Program Files\tencent\qqpcmgr\QMProxyAccelerator\3.0.3897.134\QMProxyAccLsp64.dll
0x00007ffb70480000 - 0x00007ffb7065b000 	C:\WINDOWS\System32\CRYPT32.dll
0x00007ffb6fbf0000 - 0x00007ffb6fc02000 	C:\WINDOWS\System32\MSASN1.dll
0x00007ffb6f470000 - 0x00007ffb6f4d7000 	C:\WINDOWS\system32\mswsock.dll
0x00007ffb50b60000 - 0x00007ffb50b6a000 	C:\WINDOWS\system32\wshqos.dll
0x00007ffb50b50000 - 0x00007ffb50b58000 	C:\WINDOWS\SYSTEM32\wshtcpip.DLL
0x00007ffb50b10000 - 0x00007ffb50b18000 	C:\WINDOWS\SYSTEM32\wship6.dll
0x0000000062a10000 - 0x0000000062a21000 	E:\Java\jdk1.8.0_144\jre\bin\nio.dll
0x00007ffb607d0000 - 0x00007ffb607ee000 	C:\Users\40230\.gradle\native\25\windows-amd64\native-platform.dll
0x0000000062a00000 - 0x0000000062a0d000 	E:\Java\jdk1.8.0_144\jre\bin\management.dll
0x00007ffb6f030000 - 0x00007ffb6f063000 	C:\WINDOWS\system32\rsaenh.dll
0x00007ffb70390000 - 0x00007ffb703b6000 	C:\WINDOWS\System32\bcrypt.dll
0x00007ffb6fb20000 - 0x00007ffb6fb48000 	C:\WINDOWS\SYSTEM32\USERENV.dll
0x00007ffb6f640000 - 0x00007ffb6f64c000 	C:\WINDOWS\SYSTEM32\CRYPTBASE.dll
0x00007ffb6f1d0000 - 0x00007ffb6f20d000 	C:\WINDOWS\SYSTEM32\IPHLPAPI.DLL
0x00007ffb720f0000 - 0x00007ffb720f8000 	C:\WINDOWS\System32\NSI.dll
0x00007ffb65230000 - 0x00007ffb65246000 	C:\WINDOWS\SYSTEM32\dhcpcsvc6.DLL
0x00007ffb642d0000 - 0x00007ffb642ec000 	C:\WINDOWS\SYSTEM32\dhcpcsvc.DLL
0x00007ffb6f210000 - 0x00007ffb6f2d6000 	C:\WINDOWS\SYSTEM32\DNSAPI.dll

VM Arguments:
jvm_args: -Xmx1536m -Dfile.encoding=GBK -Duser.country=CN -Duser.language=zh -Duser.variant 
java_command: org.gradle.launcher.daemon.bootstrap.GradleDaemon 4.6
java_class_path (initial): C:\Users\40230\.gradle\wrapper\dists\gradle-4.6-all\bcst21l2brirad8k2ben1letg\gradle-4.6\lib\gradle-launcher-4.6.jar
Launcher Type: SUN_STANDARD

Environment Variables:
JAVA_HOME=E:\Java\jdk1.8.0_144
CLASSPATH=.;E:\Java\jdk1.8.0_144\lib;E:\Java\jdk1.8.0_144\lib\dt.jar;E:\Java\jdk1.8.0_144\lib\tools.jar
PATH=C:\ProgramData\Oracle\Java\javapath;C:\WINDOWS\system32;C:\WINDOWS;C:\WINDOWS\System32\Wbem;C:\WINDOWS\System32\WindowsPowerShell\v1.0\;C:\WINDOWS\System32\OpenSSH\;C:\Program Files (x86)\Rational\common;C:\dev\Git\cmd;C:\Users\40230\AppData\Local\Microsoft\WindowsApps;";E:\Java\jdk1.8.0_144\bin;E:\Java\jdk1.8.0_144\jre\bin";;E:\Program Files\Microsoft VS Code\bin
USERNAME=40230
OS=Windows_NT
PROCESSOR_IDENTIFIER=Intel64 Family 6 Model 158 Stepping 9, GenuineIntel



---------------  S Y S T E M  ---------------

OS: Windows 10.0 , 64 bit Build 17763 (10.0.17763.437)

CPU:total 4 (initial active 4) (4 cores per cpu, 1 threads per core) family 6 model 158 stepping 9, cmov, cx8, fxsr, mmx, sse, sse2, sse3, ssse3, sse4.1, sse4.2, popcnt, avx, avx2, aes, clmul, erms, 3dnowpref, lzcnt, tsc, tscinvbit, bmi1, bmi2, adx

Memory: 4k page, physical 8260772k(371112k free), swap 15862304k(5552k free)

vm_info: Java HotSpot(TM) 64-Bit Server VM (25.144-b01) for windows-amd64 JRE (1.8.0_144-b01), built on Jul 21 2017 21:57:33 by "java_re" with MS VC++ 10.0 (VS2010)

time: Fri May 17 09:54:07 2019
elapsed time: 10 seconds (0d 0h 0m 10s)

